<?xml version="1.0" encoding="utf-8"?><testsuites name="pytest tests"><testsuite name="pytest" errors="0" failures="0" skipped="0" tests="25" time="4.110" timestamp="2026-05-19T09:26:11.234448+00:00" hostname="agent-env-f011ba47-ebe5-48fa-a866-b73639b3d5d7"><testcase classname="backend.tests.backend_test.TestRoot" name="test_root_ok" time="0.122" /><testcase classname="backend.tests.backend_test.TestAuth" name="test_register_new_user" time="0.277" /><testcase classname="backend.tests.backend_test.TestAuth" name="test_register_duplicate_email" time="0.370" /><testcase classname="backend.tests.backend_test.TestAuth" name="test_admin_login" time="0.321" /><testcase classname="backend.tests.backend_test.TestAuth" name="test_login_wrong_password" time="0.270" /><testcase classname="backend.tests.backend_test.TestAuth" name="test_me_with_bearer" time="0.096" /><testcase classname="backend.tests.backend_test.TestAuth" name="test_me_without_auth" time="0.109" /><testcase classname="backend.tests.backend_test.TestAuth" name="test_bcrypt_format" time="0.273" /><testcase classname="backend.tests.backend_test.TestVin" name="test_vin_decode_valid" time="0.476" /><testcase classname="backend.tests.backend_test.TestVin" name="test_vin_decode_too_short" time="0.046" /><testcase classname="backend.tests.backend_test.TestCatalog" name="test_sections" time="0.102" /><testcase classname="backend.tests.backend_test.TestCatalog" name="test_mecanique_categories" time="0.048" /><testcase classname="backend.tests.backend_test.TestCatalog" name="test_electrique_categories" time="0.046" /><testcase classname="backend.tests.backend_test.TestCatalog" name="test_carrosserie_categories" time="0.045" /><testcase classname="backend.tests.backend_test.TestCatalog" name="test_category_parts" time="0.155" /><testcase classname="backend.tests.backend_test.TestCatalog" name="test_category_404" time="0.046" /><testcase classname="backend.tests.backend_test.TestOrders" name="test_create_order_unauth" time="0.102" /><testcase classname="backend.tests.backend_test.TestOrders" name="test_create_and_list_order" time="0.297" /><testcase classname="backend.tests.backend_test.TestOrders" name="test_create_order_invalid_ref" time="0.096" /><testcase classname="backend.tests.backend_test.TestAdmin" name="test_admin_users" time="0.099" /><testcase classname="backend.tests.backend_test.TestAdmin" name="test_admin_orders" time="0.096" /><testcase classname="backend.tests.backend_test.TestAdmin" name="test_admin_stats" time="0.111" /><testcase classname="backend.tests.backend_test.TestAdmin" name="test_admin_users_forbidden_for_user" time="0.100" /><testcase classname="backend.tests.backend_test.TestAdmin" name="test_admin_update_order_status" time="0.201" /><testcase classname="backend.tests.backend_test.TestAdmin" name="test_admin_update_order_404" time="0.102" /></testsuite></testsuites>